01:50:37.723 [AWT-EventQueue-0] INFO com.alibaba.druid.pool.DruidDataSource - {dataSource-1} inited
01:50:37.723 [AWT-EventQueue-0] INFO backend.dao.ReservationDetailDAO - Query all reservation details successful
01:50:37.723 [AWT-EventQueue-0] INFO backend.service.QueryService - RESERVATION_DETAIL information retrieved successfully
01:50:37.766 [AWT-EventQueue-0] INFO com.alibaba.druid.pool.DruidDataSource - {dataSource-2} inited
01:50:37.766 [AWT-EventQueue-0] WARN backend.dao.ReservationDetailDAO - No reservation detail found for customer: NY888
01:50:37.766 [AWT-EventQueue-0] WARN backend.service.QueryService - Reservation detail not found for customer: NY888
backend.exception.ReservationDetailNotFoundException: No reservation detail found for customer: NY888
	at backend.dao.ReservationDetailDAO.query(ReservationDetailDAO.java:131)
	at backend.service.QueryService.retrieveReservation(QueryService.java:159)
	at backend.service.QueryService.getReservationInfo(QueryService.java:138)
	at frontend.QueryInfoPage$4.actionPerformed(QueryInfoPage.java:228)
	at java.desktop/javax.swing.AbstractButton.fireActionPerformed(AbstractButton.java:1967)
	at java.desktop/javax.swing.AbstractButton$Handler.actionPerformed(AbstractButton.java:2308)
	at java.desktop/javax.swing.DefaultButtonModel.fireActionPerformed(DefaultButtonModel.java:405)
	at java.desktop/javax.swing.DefaultButtonModel.setPressed(DefaultButtonModel.java:262)
	at java.desktop/javax.swing.plaf.basic.BasicButtonListener.mouseReleased(BasicButtonListener.java:279)
	at java.desktop/java.awt.Component.processMouseEvent(Component.java:6635)
	at java.desktop/javax.swing.JComponent.processMouseEvent(JComponent.java:3342)
	at java.desktop/java.awt.Component.processEvent(Component.java:6400)
	at java.desktop/java.awt.Container.processEvent(Container.java:2263)
	at java.desktop/java.awt.Component.dispatchEventImpl(Component.java:5011)
	at java.desktop/java.awt.Container.dispatchEventImpl(Container.java:2321)
	at java.desktop/java.awt.Component.dispatchEvent(Component.java:4843)
	at java.desktop/java.awt.LightweightDispatcher.retargetMouseEvent(Container.java:4918)
	at java.desktop/java.awt.LightweightDispatcher.processMouseEvent(Container.java:4547)
	at java.desktop/java.awt.LightweightDispatcher.dispatchEvent(Container.java:4488)
	at java.desktop/java.awt.Container.dispatchEventImpl(Container.java:2307)
	at java.desktop/java.awt.Window.dispatchEventImpl(Window.java:2772)
	at java.desktop/java.awt.Component.dispatchEvent(Component.java:4843)
	at java.desktop/java.awt.EventQueue.dispatchEventImpl(EventQueue.java:772)
	at java.desktop/java.awt.EventQueue$4.run(EventQueue.java:721)
	at java.desktop/java.awt.EventQueue$4.run(EventQueue.java:715)
	at java.base/java.security.AccessController.doPrivileged(Native Method)
	at java.base/java.security.ProtectionDomain$JavaSecurityAccessImpl.doIntersectionPrivilege(ProtectionDomain.java:85)
	at java.base/java.security.ProtectionDomain$JavaSecurityAccessImpl.doIntersectionPrivilege(ProtectionDomain.java:95)
	at java.desktop/java.awt.EventQueue$5.run(EventQueue.java:745)
	at java.desktop/java.awt.EventQueue$5.run(EventQueue.java:743)
	at java.base/java.security.AccessController.doPrivileged(Native Method)
	at java.base/java.security.ProtectionDomain$JavaSecurityAccessImpl.doIntersectionPrivilege(ProtectionDomain.java:85)
	at java.desktop/java.awt.EventQueue.dispatchEvent(EventQueue.java:742)
	at java.desktop/java.awt.EventDispatchThread.pumpOneEventForFilters(EventDispatchThread.java:203)
	at java.desktop/java.awt.EventDispatchThread.pumpEventsForFilter(EventDispatchThread.java:124)
	at java.desktop/java.awt.EventDispatchThread.pumpEventsForHierarchy(EventDispatchThread.java:113)
	at java.desktop/java.awt.EventDispatchThread.pumpEvents(EventDispatchThread.java:109)
	at java.desktop/java.awt.EventDispatchThread.pumpEvents(EventDispatchThread.java:101)
	at java.desktop/java.awt.EventDispatchThread.run(EventDispatchThread.java:90)
01:50:37.779 [AWT-EventQueue-0] INFO com.alibaba.druid.pool.DruidDataSource - {dataSource-3} inited
01:50:37.779 [AWT-EventQueue-0] INFO backend.dao.FlightDAO - Query operation successful for flightNum: NY888
01:50:37.779 [AWT-EventQueue-0] INFO backend.service.QueryService - Flight information retrieved successfully
